2023-06-15 02:00:10,912 INFO c.e.d.SareetaApplicationTests [main] Starting SareetaApplicationTests using Java 17.0.4.1 on DESKTOP-E89EI0 with PID 9376 (started by Thanh in D:\Learning\Udacity\Workspace\Security-and-DevOps)
2023-06-15 02:00:10,917 DEBUG c.e.d.SareetaApplicationTests [main] Running with Spring Boot v2.7.12, Spring v5.3.27
2023-06-15 02:00:10,917 INFO c.e.d.SareetaApplicationTests [main] No active profile set, falling back to 1 default profile: "default"
2023-06-15 02:00:13,639 INFO c.e.d.SareetaApplicationTests [main] Started SareetaApplicationTests in 2.876 seconds (JVM running for 3.7)
2023-06-15 02:00:13,867 INFO c.e.d.c.UserController [main] [INFO][UserController][createUser]:User name test is successfully created
2023-06-15 02:00:13,872 ERROR c.e.d.c.UserController [main] [ERROR][UserController][createUser]: Confirmed password does not match password.
2023-06-15 02:00:13,872 ERROR c.e.d.c.UserController [main] [ERROR][UserController][createUser]: password length must be greater than 7.
2023-06-15 02:15:03,277 INFO c.e.d.SareetaApplicationTests [main] Starting SareetaApplicationTests using Java 17.0.4.1 on DESKTOP-E89EI0 with PID 18164 (started by Thanh in D:\Learning\Udacity\Workspace\Security-and-DevOps)
2023-06-15 02:15:03,282 DEBUG c.e.d.SareetaApplicationTests [main] Running with Spring Boot v2.7.12, Spring v5.3.27
2023-06-15 02:15:03,282 INFO c.e.d.SareetaApplicationTests [main] No active profile set, falling back to 1 default profile: "default"
2023-06-15 02:15:06,062 INFO c.e.d.SareetaApplicationTests [main] Started SareetaApplicationTests in 2.949 seconds (JVM running for 3.732)
2023-06-15 02:15:06,297 INFO c.e.d.c.UserController [main] [INFO][UserController][createUser]:User name test is successfully created
2023-06-15 02:15:06,301 ERROR c.e.d.c.UserController [main] [ERROR][UserController][createUser]: Confirmed password does not match password.
2023-06-15 02:15:06,301 ERROR c.e.d.c.UserController [main] [ERROR][UserController][createUser]: password length must be greater than 7.
2023-06-15 02:16:33,790 INFO c.e.d.SareetaApplicationTests [main] Starting SareetaApplicationTests using Java 17.0.4.1 on DESKTOP-E89EI0 with PID 7128 (started by Thanh in D:\Learning\Udacity\Workspace\Security-and-DevOps)
2023-06-15 02:16:33,795 DEBUG c.e.d.SareetaApplicationTests [main] Running with Spring Boot v2.7.12, Spring v5.3.27
2023-06-15 02:16:33,795 INFO c.e.d.SareetaApplicationTests [main] No active profile set, falling back to 1 default profile: "default"
2023-06-15 02:16:36,529 INFO c.e.d.SareetaApplicationTests [main] Started SareetaApplicationTests in 2.882 seconds (JVM running for 3.673)
2023-06-15 02:16:36,755 INFO c.e.d.c.UserController [main] [INFO][UserController][createUser]:User name test is successfully created
2023-06-15 02:16:36,759 ERROR c.e.d.c.UserController [main] [ERROR][UserController][createUser]: Confirmed password does not match password.
2023-06-15 02:16:36,759 ERROR c.e.d.c.UserController [main] [ERROR][UserController][createUser]: password length must be greater than 7.
2023-06-15 02:20:44,145 INFO c.e.d.SareetaApplicationTests [main] Starting SareetaApplicationTests using Java 17.0.4.1 on DESKTOP-E89EI0 with PID 12652 (started by Thanh in D:\Learning\Udacity\Workspace\Security-and-DevOps)
2023-06-15 02:20:44,150 DEBUG c.e.d.SareetaApplicationTests [main] Running with Spring Boot v2.7.12, Spring v5.3.27
2023-06-15 02:20:44,151 INFO c.e.d.SareetaApplicationTests [main] No active profile set, falling back to 1 default profile: "default"
2023-06-15 02:20:46,848 INFO c.e.d.SareetaApplicationTests [main] Started SareetaApplicationTests in 2.842 seconds (JVM running for 3.657)
2023-06-15 02:20:47,078 INFO c.e.d.c.UserController [main] [INFO][UserController][createUser]:User name test is successfully created
2023-06-15 02:20:47,082 ERROR c.e.d.c.UserController [main] [ERROR][UserController][createUser]: Confirmed password does not match password.
2023-06-15 02:20:47,082 ERROR c.e.d.c.UserController [main] [ERROR][UserController][createUser]: password length must be greater than 7.
2023-06-15 02:21:30,632 INFO c.e.d.SareetaApplicationTests [main] Starting SareetaApplicationTests using Java 17.0.4.1 on DESKTOP-E89EI0 with PID 12496 (started by Thanh in D:\Learning\Udacity\Workspace\Security-and-DevOps)
2023-06-15 02:21:30,637 DEBUG c.e.d.SareetaApplicationTests [main] Running with Spring Boot v2.7.12, Spring v5.3.27
2023-06-15 02:21:30,637 INFO c.e.d.SareetaApplicationTests [main] No active profile set, falling back to 1 default profile: "default"
2023-06-15 02:21:33,370 INFO c.e.d.SareetaApplicationTests [main] Started SareetaApplicationTests in 2.88 seconds (JVM running for 3.696)
2023-06-15 02:21:33,588 INFO c.e.d.c.UserController [main] [INFO][UserController][createUser]:User name test is successfully created
2023-06-15 02:21:33,592 ERROR c.e.d.c.UserController [main] [ERROR][UserController][createUser]: Confirmed password does not match password.
2023-06-15 02:21:33,592 ERROR c.e.d.c.UserController [main] [ERROR][UserController][createUser]: password length must be greater than 7.
2023-06-15 02:42:49,471 INFO c.e.d.c.OrderController [main] [OrderController][getOrdersForUser]: Order requests successes for user "test"
2023-06-15 02:43:31,609 ERROR c.e.d.c.OrderController [main] [OrderController][submit]: User "test" cannot be found
2023-06-15 02:43:31,612 INFO c.e.d.c.OrderController [main] [OrderController][submit]: Order requests failures for user "test"
2023-06-15 02:43:31,622 INFO c.e.d.c.OrderController [main] [OrderController][submit]: Order requests successes for user "test"
2023-06-15 02:43:31,622 ERROR c.e.d.c.OrderController [main] [OrderController][getOrdersForUser]: User "test" cannot be found
2023-06-15 02:43:31,623 INFO c.e.d.c.OrderController [main] [OrderController][getOrdersForUser]: Order requests successes for user "test"
2023-06-15 02:44:41,333 INFO c.e.d.SareetaApplicationTests [main] Starting SareetaApplicationTests using Java 17.0.4.1 on DESKTOP-E89EI0 with PID 10924 (started by Thanh in D:\Learning\Udacity\Workspace\Security-and-DevOps)
2023-06-15 02:44:41,338 DEBUG c.e.d.SareetaApplicationTests [main] Running with Spring Boot v2.7.12, Spring v5.3.27
2023-06-15 02:44:41,338 INFO c.e.d.SareetaApplicationTests [main] No active profile set, falling back to 1 default profile: "default"
2023-06-15 02:44:44,054 INFO c.e.d.SareetaApplicationTests [main] Started SareetaApplicationTests in 2.865 seconds (JVM running for 3.669)
2023-06-15 02:44:44,281 INFO c.e.d.c.UserController [main] [UserController][createUser]:User name test is successfully created
2023-06-15 02:44:44,285 ERROR c.e.d.c.UserController [main] [UserController][createUser]: Confirmed password does not match password.
2023-06-15 02:44:44,285 ERROR c.e.d.c.UserController [main] [UserController][createUser]: password length must be greater than 7.
2023-06-15 02:44:44,322 ERROR c.e.d.c.OrderController [main] [OrderController][submit]: User "test" cannot be found
2023-06-15 02:44:44,322 INFO c.e.d.c.OrderController [main] [OrderController][submit]: Order requests failures for user "test"
2023-06-15 02:44:44,322 INFO c.e.d.c.OrderController [main] [OrderController][submit]: Order requests successes for user "test"
2023-06-15 02:44:44,323 ERROR c.e.d.c.OrderController [main] [OrderController][getOrdersForUser]: User "test" cannot be found
2023-06-15 02:44:44,323 INFO c.e.d.c.OrderController [main] [OrderController][getOrdersForUser]: Order requests successes for user "test"
2023-07-22 15:07:56,358 INFO c.e.d.SareetaApplication [main] Starting SareetaApplication using Java 17.0.4.1 on DESKTOP-E89EI0 with PID 20032 (D:\Learning\Udacity\ThanhNV64\udacity_p4\target\classes started by Thanh in D:\Learning\Udacity\ThanhNV64\udacity_p4)
2023-07-22 15:07:56,364 DEBUG c.e.d.SareetaApplication [main] Running with Spring Boot v2.7.12, Spring v5.3.27
2023-07-22 15:07:56,365 INFO c.e.d.SareetaApplication [main] No active profile set, falling back to 1 default profile: "default"
2023-07-22 15:07:58,550 DEBUG c.e.d.s.JWTAuthenticationVerficationFilter [main] Filter 'JWTAuthenticationVerficationFilter' configured for use
2023-07-22 15:07:58,911 INFO c.e.d.SareetaApplication [main] Started SareetaApplication in 2.814 seconds (JVM running for 3.766)
2023-07-22 15:33:49,749 INFO c.e.d.SareetaApplicationTests [main] Starting SareetaApplicationTests using Java 17.0.4.1 on DESKTOP-E89EI0 with PID 18332 (started by Thanh in D:\Learning\Udacity\ThanhNV64\udacity_p4)
2023-07-22 15:33:49,754 DEBUG c.e.d.SareetaApplicationTests [main] Running with Spring Boot v2.7.12, Spring v5.3.27
2023-07-22 15:33:49,755 INFO c.e.d.SareetaApplicationTests [main] No active profile set, falling back to 1 default profile: "default"
2023-07-22 15:33:52,497 INFO c.e.d.SareetaApplicationTests [main] Started SareetaApplicationTests in 2.901 seconds (JVM running for 3.925)
2023-07-22 15:33:52,754 INFO c.e.d.c.UserController [main] [USER_CREATE_SUCCESS]:User name test is successfully created
2023-07-22 15:33:52,758 ERROR c.e.d.c.UserController [main] [USER_FIND_FAILED][USER_NOT_FOUND]: User "notAName" cannot be found
2023-07-22 15:33:52,759 ERROR c.e.d.c.UserController [main] [USER_CREATE_FAILED]: Confirmed password does not match password.
2023-07-22 15:33:52,759 ERROR c.e.d.c.UserController [main] [USER_CREATE_FAILED]: password length must be greater than 7.
2023-07-22 15:33:52,798 INFO c.e.d.c.OrderController [main] [ORDER_CREATE_SUCCESS]: Order requests successes for user "test"
2023-07-22 15:33:52,799 INFO c.e.d.c.OrderController [main] [ORDER_HISTORY_SUCCESS]: Order history successes for user "test"
2023-07-22 15:33:52,799 ERROR c.e.d.c.OrderController [main] [ORDER_HISTORY_FAILED][USER_NOT_FOUND]: User "test" cannot be found
2023-07-22 15:33:52,800 ERROR c.e.d.c.OrderController [main] [ORDER_CREATE_FAILED][USER_NOT_FOUND]: User "test" cannot be found
